# Logfile created on 2023-07-31 05:01:37 +0000 by logger.rb/v1.4.3
[2023-07-31T05:01:37+00:00] INFO: Started Cinc Zero at chefzero://localhost:1 with repository at /opt/gitlab/embedded (One version per cookbook)
[2023-07-31T05:01:37+00:00] INFO: *** Cinc Client 17.10.0 ***
[2023-07-31T05:01:37+00:00] INFO: Platform: x86_64-linux
[2023-07-31T05:01:37+00:00] INFO: Cinc-client pid: 25
[2023-07-31T05:01:38+00:00] ERROR: Running exception handlers
[2023-07-31T05:01:38+00:00] ERROR: Report handler GitLabHandler::Exception raised #<NameError: uninitialized constant GitLabHandler::Exception::OmnibusHelper>
[2023-07-31T05:01:38+00:00] ERROR: /opt/gitlab/embedded/cookbooks/package/libraries/handlers/gitlab.rb:30:in `report'
[2023-07-31T05:01:38+00:00] ERROR: /opt/gitlab/embedded/lib/ruby/gems/3.0.0/gems/chef-17.10.0/lib/chef/handler.rb:296:in `run_report_unsafe'
[2023-07-31T05:01:38+00:00] ERROR: /opt/gitlab/embedded/lib/ruby/gems/3.0.0/gems/chef-17.10.0/lib/chef/handler.rb:284:in `run_report_safely'
[2023-07-31T05:01:38+00:00] ERROR: /opt/gitlab/embedded/lib/ruby/gems/3.0.0/gems/chef-17.10.0/lib/chef/handler.rb:155:in `block in run_exception_handlers'
[2023-07-31T05:01:38+00:00] ERROR: /opt/gitlab/embedded/lib/ruby/gems/3.0.0/gems/chef-17.10.0/lib/chef/handler.rb:153:in `each'
[2023-07-31T05:01:38+00:00] ERROR: /opt/gitlab/embedded/lib/ruby/gems/3.0.0/gems/chef-17.10.0/lib/chef/handler.rb:153:in `run_exception_handlers'
[2023-07-31T05:01:38+00:00] ERROR: /opt/gitlab/embedded/lib/ruby/gems/3.0.0/gems/chef-17.10.0/lib/chef/handler.rb:164:in `block in <class:Handler>'
[2023-07-31T05:01:38+00:00] ERROR: /opt/gitlab/embedded/lib/ruby/gems/3.0.0/gems/chef-17.10.0/lib/chef/client.rb:443:in `block in run_failed'
[2023-07-31T05:01:38+00:00] ERROR: /opt/gitlab/embedded/lib/ruby/gems/3.0.0/gems/chef-17.10.0/lib/chef/client.rb:442:in `each'
[2023-07-31T05:01:38+00:00] ERROR: /opt/gitlab/embedded/lib/ruby/gems/3.0.0/gems/chef-17.10.0/lib/chef/client.rb:442:in `run_failed'
[2023-07-31T05:01:38+00:00] ERROR: /opt/gitlab/embedded/lib/ruby/gems/3.0.0/gems/chef-17.10.0/lib/chef/client.rb:306:in `rescue in run'
[2023-07-31T05:01:38+00:00] ERROR: /opt/gitlab/embedded/lib/ruby/gems/3.0.0/gems/chef-17.10.0/lib/chef/client.rb:299:in `run'
[2023-07-31T05:01:38+00:00] ERROR: /opt/gitlab/embedded/lib/ruby/gems/3.0.0/gems/chef-17.10.0/lib/chef/application.rb:305:in `run_with_graceful_exit_option'
[2023-07-31T05:01:38+00:00] ERROR: /opt/gitlab/embedded/lib/ruby/gems/3.0.0/gems/chef-17.10.0/lib/chef/application.rb:281:in `block in run_chef_client'
[2023-07-31T05:01:38+00:00] ERROR: /opt/gitlab/embedded/lib/ruby/gems/3.0.0/gems/chef-17.10.0/lib/chef/local_mode.rb:42:in `with_server_connectivity'
[2023-07-31T05:01:38+00:00] ERROR: /opt/gitlab/embedded/lib/ruby/gems/3.0.0/gems/chef-17.10.0/lib/chef/application.rb:264:in `run_chef_client'
[2023-07-31T05:01:38+00:00] ERROR: /opt/gitlab/embedded/lib/ruby/gems/3.0.0/gems/chef-17.10.0/lib/chef/application/base.rb:352:in `run_application'
[2023-07-31T05:01:38+00:00] ERROR: /opt/gitlab/embedded/lib/ruby/gems/3.0.0/gems/chef-17.10.0/lib/chef/application.rb:67:in `run'
[2023-07-31T05:01:38+00:00] ERROR: /opt/gitlab/embedded/lib/ruby/gems/3.0.0/gems/chef-bin-17.10.0/bin/cinc-client:25:in `<top (required)>'
[2023-07-31T05:01:38+00:00] ERROR: /opt/gitlab/embedded/bin/cinc-client:25:in `load'
[2023-07-31T05:01:38+00:00] ERROR: /opt/gitlab/embedded/bin/cinc-client:25:in `<main>'
[2023-07-31T05:01:38+00:00] ERROR: Exception handlers complete
[2023-07-31T05:01:38+00:00] FATAL: Stacktrace dumped to /opt/gitlab/embedded/cookbooks/cache/cinc-stacktrace.out
[2023-07-31T05:01:38+00:00] FATAL: ---------------------------------------------------------------------------------------
[2023-07-31T05:01:38+00:00] FATAL: PLEASE PROVIDE THE CONTENTS OF THE stacktrace.out FILE (above) IF YOU FILE A BUG REPORT
[2023-07-31T05:01:38+00:00] FATAL: ---------------------------------------------------------------------------------------
[2023-07-31T05:01:38+00:00] FATAL: Chef::Exceptions::ValidationFailed: Property name's value http://3.34.187.150 does not match regular expression /^[\-[:alnum:]_:.]+$/
