# Logfile created on 2023-07-31 05:10:52 +0000 by logger.rb/v1.4.3
{"severity":"DEBUG","time":"2023-07-31T05:10:52.995Z","correlation_id":null,"event":"setup","model":"ActiveRecord::Base","start_service_discovery":false}
{"severity":"DEBUG","time":"2023-07-31T05:10:52.996Z","correlation_id":null,"event":"setup","model":"ActiveRecord::Base","start_service_discovery":true}
{"severity":"DEBUG","time":"2023-07-31T05:10:52.997Z","correlation_id":null,"event":"setup","model":"Ci::ApplicationRecord","start_service_discovery":false}
{"severity":"DEBUG","time":"2023-07-31T05:10:52.998Z","correlation_id":null,"event":"setup","model":"Ci::ApplicationRecord","start_service_discovery":true}
{"severity":"DEBUG","time":"2023-07-31T05:11:30.182Z","correlation_id":null,"event":"setup","model":"ActiveRecord::Base","start_service_discovery":false}
{"severity":"DEBUG","time":"2023-07-31T05:11:30.183Z","correlation_id":null,"event":"setup","model":"ActiveRecord::Base","start_service_discovery":true}
{"severity":"DEBUG","time":"2023-07-31T05:11:30.184Z","correlation_id":null,"event":"setup","model":"Ci::ApplicationRecord","start_service_discovery":false}
{"severity":"DEBUG","time":"2023-07-31T05:11:30.185Z","correlation_id":null,"event":"setup","model":"Ci::ApplicationRecord","start_service_discovery":true}
{"severity":"DEBUG","time":"2023-07-31T05:11:58.712Z","correlation_id":null,"event":"setup","model":"ActiveRecord::Base","start_service_discovery":false}
{"severity":"DEBUG","time":"2023-07-31T05:11:58.713Z","correlation_id":null,"event":"setup","model":"Ci::ApplicationRecord","start_service_discovery":false}
{"severity":"DEBUG","time":"2023-07-31T05:12:07.763Z","correlation_id":null,"event":"setup","model":"ActiveRecord::Base","start_service_discovery":false}
{"severity":"DEBUG","time":"2023-07-31T05:12:07.765Z","correlation_id":null,"event":"setup","model":"ActiveRecord::Base","start_service_discovery":true}
{"severity":"DEBUG","time":"2023-07-31T05:12:07.769Z","correlation_id":null,"event":"setup","model":"Ci::ApplicationRecord","start_service_discovery":false}
{"severity":"DEBUG","time":"2023-07-31T05:12:07.773Z","correlation_id":null,"event":"setup","model":"Ci::ApplicationRecord","start_service_discovery":true}
{"severity":"DEBUG","time":"2023-07-31T05:12:24.541Z","correlation_id":null,"event":"setup","model":"ActiveRecord::Base","start_service_discovery":true}
{"severity":"DEBUG","time":"2023-07-31T05:12:24.543Z","correlation_id":null,"event":"setup","model":"Ci::ApplicationRecord","start_service_discovery":true}
{"severity":"DEBUG","time":"2023-07-31T05:12:24.607Z","correlation_id":null,"event":"setup","model":"ActiveRecord::Base","start_service_discovery":true}
{"severity":"DEBUG","time":"2023-07-31T05:12:24.609Z","correlation_id":null,"event":"setup","model":"Ci::ApplicationRecord","start_service_discovery":true}
{"severity":"DEBUG","time":"2023-07-31T05:12:24.648Z","correlation_id":null,"event":"setup","model":"ActiveRecord::Base","start_service_discovery":true}
{"severity":"DEBUG","time":"2023-07-31T05:12:24.650Z","correlation_id":null,"event":"setup","model":"Ci::ApplicationRecord","start_service_discovery":true}
{"severity":"DEBUG","time":"2023-07-31T05:12:24.730Z","correlation_id":null,"event":"setup","model":"ActiveRecord::Base","start_service_discovery":true}
{"severity":"DEBUG","time":"2023-07-31T05:12:24.731Z","correlation_id":null,"event":"setup","model":"Ci::ApplicationRecord","start_service_discovery":true}
{"severity":"DEBUG","time":"2023-07-31T05:12:49.260Z","correlation_id":null,"event":"setup","model":"ActiveRecord::Base","start_service_discovery":false}
{"severity":"DEBUG","time":"2023-07-31T05:12:49.260Z","correlation_id":null,"event":"setup","model":"ActiveRecord::Base","start_service_discovery":true}
{"severity":"DEBUG","time":"2023-07-31T05:12:49.262Z","correlation_id":null,"event":"setup","model":"Ci::ApplicationRecord","start_service_discovery":false}
{"severity":"DEBUG","time":"2023-07-31T05:12:49.262Z","correlation_id":null,"event":"setup","model":"Ci::ApplicationRecord","start_service_discovery":true}
{"severity":"DEBUG","time":"2023-07-31T05:29:37.727Z","correlation_id":null,"event":"setup","model":"ActiveRecord::Base","start_service_discovery":false}
{"severity":"DEBUG","time":"2023-07-31T05:29:37.728Z","correlation_id":null,"event":"setup","model":"ActiveRecord::Base","start_service_discovery":true}
{"severity":"DEBUG","time":"2023-07-31T05:29:37.729Z","correlation_id":null,"event":"setup","model":"Ci::ApplicationRecord","start_service_discovery":false}
{"severity":"DEBUG","time":"2023-07-31T05:29:37.729Z","correlation_id":null,"event":"setup","model":"Ci::ApplicationRecord","start_service_discovery":true}
{"severity":"DEBUG","time":"2023-07-31T07:26:31.815Z","correlation_id":null,"event":"setup","model":"ActiveRecord::Base","start_service_discovery":false}
{"severity":"DEBUG","time":"2023-07-31T07:26:31.816Z","correlation_id":null,"event":"setup","model":"Ci::ApplicationRecord","start_service_discovery":false}
{"severity":"DEBUG","time":"2023-07-31T07:26:32.088Z","correlation_id":null,"event":"setup","model":"ActiveRecord::Base","start_service_discovery":false}
{"severity":"DEBUG","time":"2023-07-31T07:26:32.089Z","correlation_id":null,"event":"setup","model":"ActiveRecord::Base","start_service_discovery":true}
{"severity":"DEBUG","time":"2023-07-31T07:26:32.090Z","correlation_id":null,"event":"setup","model":"Ci::ApplicationRecord","start_service_discovery":false}
{"severity":"DEBUG","time":"2023-07-31T07:26:32.091Z","correlation_id":null,"event":"setup","model":"Ci::ApplicationRecord","start_service_discovery":true}
{"severity":"DEBUG","time":"2023-07-31T07:26:33.988Z","correlation_id":null,"event":"setup","model":"ActiveRecord::Base","start_service_discovery":false}
{"severity":"DEBUG","time":"2023-07-31T07:26:33.991Z","correlation_id":null,"event":"setup","model":"ActiveRecord::Base","start_service_discovery":true}
{"severity":"DEBUG","time":"2023-07-31T07:26:33.994Z","correlation_id":null,"event":"setup","model":"Ci::ApplicationRecord","start_service_discovery":false}
{"severity":"DEBUG","time":"2023-07-31T07:26:33.997Z","correlation_id":null,"event":"setup","model":"Ci::ApplicationRecord","start_service_discovery":true}
{"severity":"DEBUG","time":"2023-07-31T07:26:57.560Z","correlation_id":null,"event":"setup","model":"ActiveRecord::Base","start_service_discovery":true}
{"severity":"DEBUG","time":"2023-07-31T07:26:57.561Z","correlation_id":null,"event":"setup","model":"Ci::ApplicationRecord","start_service_discovery":true}
{"severity":"DEBUG","time":"2023-07-31T07:26:57.561Z","correlation_id":null,"event":"setup","model":"ActiveRecord::Base","start_service_discovery":true}
{"severity":"DEBUG","time":"2023-07-31T07:26:57.561Z","correlation_id":null,"event":"setup","model":"ActiveRecord::Base","start_service_discovery":true}
{"severity":"DEBUG","time":"2023-07-31T07:26:57.563Z","correlation_id":null,"event":"setup","model":"Ci::ApplicationRecord","start_service_discovery":true}
{"severity":"DEBUG","time":"2023-07-31T07:26:57.567Z","correlation_id":null,"event":"setup","model":"Ci::ApplicationRecord","start_service_discovery":true}
{"severity":"DEBUG","time":"2023-07-31T07:26:57.620Z","correlation_id":null,"event":"setup","model":"ActiveRecord::Base","start_service_discovery":true}
{"severity":"DEBUG","time":"2023-07-31T07:26:57.622Z","correlation_id":null,"event":"setup","model":"Ci::ApplicationRecord","start_service_discovery":true}
